<?xml version="1.0" encoding="UTF-8"?>
<!-- Generated by org.testng.reporters.JUnitReportReporter -->
<testsuite skipped="0" hostname="DESKTOP-5NIFL4P" name="jsonobjectsandarrayswithinresponse.dataproviders" tests="3" failures="0" timestamp="2020-04-02T16:17:22 IST" time="3.742" errors="0">
  <testcase name="addbook" time="0.238" classname="jsonobjectsandarrayswithinresponse.dataproviders"/>
  <system-out/>
  <testcase name="addbook" time="3.237" classname="jsonobjectsandarrayswithinresponse.dataproviders"/>
  <system-out/>
  <testcase name="addbook" time="0.267" classname="jsonobjectsandarrayswithinresponse.dataproviders"/>
  <system-out/>
</testsuite> <!-- jsonobjectsandarrayswithinresponse.dataproviders -->
