<?xml version="1.0" encoding="UTF-8"?>
<!-- Generated by org.testng.reporters.JUnitReportReporter -->
<testsuite skipped="0" hostname="DESKTOP-5NIFL4P" name="dynamicjsonload" tests="1" failures="0" timestamp="2020-04-02T15:10:41 IST" time="4.699" errors="0">
  <testcase name="addbook" time="4.699" classname="dynamicjsonload"/>
  <system-out/>
</testsuite> <!-- dynamicjsonload -->
